[debug] [2018-01-04T16:14:03.918Z] ----------------------------------------------------------------------
[debug] [2018-01-04T16:14:03.922Z] Command:       /usr/local/bin/node /usr/local/bin/firebase init
[debug] [2018-01-04T16:14:03.922Z] CLI Version:   3.16.0
[debug] [2018-01-04T16:14:03.922Z] Platform:      darwin
[debug] [2018-01-04T16:14:03.922Z] Node Version:  v8.5.0
[debug] [2018-01-04T16:14:03.923Z] Time:          Thu Jan 04 2018 14:14:03 GMT-0200 (-02)
[debug] [2018-01-04T16:14:03.923Z] ----------------------------------------------------------------------
[debug] 
[debug] [2018-01-04T16:14:03.982Z] > command requires scopes: ["email","openid","https://www.googleapis.com/auth/cloudplatformprojects.readonly","https://www.googleapis.com/auth/firebase"]
[debug] [2018-01-04T16:14:03.983Z] > authorizing via signed-in user
[info] 
     🔥🔥🔥🔥🔥🔥🔥🔥 🔥🔥🔥🔥 🔥🔥🔥🔥🔥🔥🔥🔥  🔥🔥🔥🔥🔥🔥🔥🔥 🔥🔥🔥🔥🔥🔥🔥🔥     🔥🔥🔥     🔥🔥🔥🔥🔥🔥  🔥🔥🔥🔥🔥🔥🔥🔥
     🔥🔥        🔥🔥  🔥🔥     🔥🔥 🔥🔥       🔥🔥     🔥🔥  🔥🔥   🔥🔥  🔥🔥       🔥🔥
     🔥🔥🔥🔥🔥🔥    🔥🔥  🔥🔥🔥🔥🔥🔥🔥🔥  🔥🔥🔥🔥🔥🔥   🔥🔥🔥🔥🔥🔥🔥🔥  🔥🔥🔥🔥🔥🔥🔥🔥🔥  🔥🔥🔥🔥🔥🔥  🔥🔥🔥🔥🔥🔥
     🔥🔥        🔥🔥  🔥🔥    🔥🔥  🔥🔥       🔥🔥     🔥🔥 🔥🔥     🔥🔥       🔥🔥 🔥🔥
     🔥🔥       🔥🔥🔥🔥 🔥🔥     🔥🔥 🔥🔥🔥🔥🔥🔥🔥🔥 🔥🔥🔥🔥🔥🔥🔥🔥  🔥🔥     🔥🔥  🔥🔥🔥🔥🔥🔥  🔥🔥🔥🔥🔥🔥🔥🔥

You're about to initialize a Firebase project in this directory:

  /Users/melotto/projects/phaser/the_traveler

[info] 
=== Project Setup
[info] 
[info] First, let's associate this project directory with a Firebase project.
[info] You can create multiple project aliases by running firebase use --add, 
[info] but for now we'll just set up a default project.
[info] 
[debug] [2018-01-04T16:14:15.989Z] > refreshing access token with scopes: ["email","https://www.googleapis.com/auth/cloudplatformprojects.readonly","https://www.googleapis.com/auth/firebase","openid"]
[debug] [2018-01-04T16:14:15.990Z] >>> HTTP REQUEST POST https://www.googleapis.com/oauth2/v3/token  
 { refresh_token: '1/xD9-7ERPglGT_B0E1CfGIePjKFk0OXO9lVq7m4-dQlU',
  client_id: '563584335869-fgrhgmd47bqnekij5i8b5pr03ho849e6.apps.googleusercontent.com',
  client_secret: 'j9iVZfS8kkCEFUPaAeJV0sAi',
  grant_type: 'refresh_token',
  scope: 'email https://www.googleapis.com/auth/cloudplatformprojects.readonly https://www.googleapis.com/auth/firebase openid' } 
 Thu Jan 04 2018 14:14:15 GMT-0200 (-02)
[debug] [2018-01-04T16:14:16.238Z] <<< HTTP RESPONSE 200
[debug] [2018-01-04T16:14:16.347Z] >>> HTTP REQUEST GET https://admin.firebase.com/v1/projects  
  
 Thu Jan 04 2018 14:14:16 GMT-0200 (-02)
[debug] [2018-01-04T16:14:17.982Z] <<< HTTP RESPONSE 200
[info] 
=== Hosting Setup
[info] 
[info] Your public directory is the folder (relative to your project directory) that
[info] will contain Hosting assets to be uploaded with firebase deploy. If you
[info] have a build process for your assets, use your build's output directory.
[info] 
[info] ✔  Wrote public/404.html
[debug] [2018-01-04T16:15:17.281Z] >>> HTTP REQUEST GET https://www.gstatic.com/firebasejs/releases.json  
  
 Thu Jan 04 2018 14:15:17 GMT-0200 (-02)
[debug] [2018-01-04T16:15:17.656Z] <<< HTTP RESPONSE 200
[info] i  Skipping write of public/index.html
[info] 
[info] i  Writing configuration info to firebase.json...
[info] i  Writing project information to .firebaserc...
[info] 
[info] ✔  Firebase initialization complete!
